<?xml version="1.0" ?>
<coverage version="7.15.2" timestamp="1784195685414" lines-valid="17090" lines-covered="14476" line-rate="0.847" branches-valid="6140" branches-covered="4145" branch-rate="0.6751" complexity="0">
	<!-- Generated by coverage.py: https://coverage.readthedocs.io/en/7.15.2 -->
	<!-- Based on https://raw.githubusercontent.com/cobertura/web/master/htdocs/xml/coverage-04.dtd -->
	<sources>
		<source>/Users/pgt01/IRYCIS/psynthea-validation</source>
	</sources>
	<packages>
		<package name="src.validation" line-rate="0.8807" branch-rate="0.726" complexity="0">
			<classes>
				<class name="__init__.py" filename="src/validation/__init__.py" complexity="0" line-rate="0" branch-rate="1">
					<methods/>
					<lines>
						<line number="11" hits="0"/>
						<line number="13" hits="0"/>
						<line number="15" hits="0"/>
						<line number="16" hits="0"/>
						<line number="18" hits="0"/>
						<line number="21" hits="0"/>
						<line number="27" hits="0"/>
						<line number="28" hits="0"/>
						<line number="29" hits="0"/>
						<line number="30" hits="0"/>
						<line number="33" hits="0"/>
						<line number="35" hits="0"/>
					</lines>
				</class>
				<class name="cli.py" filename="src/validation/cli.py" complexity="0" line-rate="0.8333" branch-rate="0.6481">
					<methods/>
					<lines>
						<line number="13" hits="1"/>
						<line number="15" hits="1"/>
						<line number="16" hits="1"/>
						<line number="17" hits="1"/>
						<line number="18" hits="1"/>
						<line number="19" hits="1"/>
						<line number="20" hits="1"/>
						<line number="21" hits="1"/>
						<line number="22" hits="1"/>
						<line number="23" hits="1"/>
						<line number="24" hits="1"/>
						<line number="25" hits="1"/>
						<line number="26" hits="1"/>
						<line number="27" hits="1"/>
						<line number="28" hits="1"/>
						<line number="29" hits="1"/>
						<line number="30" hits="1"/>
						<line number="32" hits="1"/>
						<line number="34" hits="1"/>
						<line number="38" hits="1"/>
						<line number="44" hits="1"/>
						<line number="46" hits="1"/>
						<line number="59" hits="1"/>
						<line number="60" hits="1"/>
						<line number="61" hits="1"/>
						<line number="62" hits="1"/>
						<line number="63" hits="1"/>
						<line number="64" hits="1"/>
						<line number="65" hits="1"/>
						<line number="66" hits="1"/>
						<line number="69" hits="1"/>
						<line number="72" hits="1"/>
						<line number="73" hits="1"/>
						<line number="74" hits="1"/>
						<line number="75" hits="1"/>
						<line number="76" hits="1"/>
						<line number="77" hits="1"/>
						<line number="78" hits="1"/>
						<line number="81" hits="1"/>
						<line number="85" hits="1"/>
						<line number="89" hits="1"/>
						<line number="93" hits="1"/>
						<line number="97" hits="1"/>
						<line number="98" hits="1"/>
						<line number="101" hits="1"/>
						<line number="102" hits="1"/>
						<line number="103" hits="1"/>
						<line number="104" hits="1"/>
						<line number="105" hits="1"/>
						<line number="106" hits="1"/>
						<line number="109" hits="1"/>
						<line number="110" hits="1"/>
						<line number="111" hits="1"/>
						<line number="112" hits="1"/>
						<line number="115" hits="1"/>
						<line number="118" hits="1"/>
						<line number="125" hits="1"/>
						<line number="126" hits="1"/>
						<line number="127" hits="1"/>
						<line number="129" hits="1"/>
						<line number="130" hits="1" branch="true" condition-coverage="50% (1/2)" missing-branches="131"/>
						<line number="131" hits="0"/>
						<line number="132" hits="1"/>
						<line number="133" hits="1"/>
						<line number="135" hits="1"/>
						<line number="136" hits="1"/>
						<line number="138" hits="1"/>
						<line number="139" hits="1"/>
						<line number="141" hits="1"/>
						<line number="142" hits="1" branch="true" condition-coverage="100% (2/2)"/>
						<line number="143" hits="1"/>
						<line number="144" hits="1"/>
						<line number="146" hits="1"/>
						<line number="147" hits="1"/>
						<line number="148" hits="1"/>
						<line number="154" hits="1"/>
						<line number="161" hits="1"/>
						<line number="170" hits="1"/>
						<line number="176" hits="1"/>
						<line number="181" hits="1"/>
						<line number="186" hits="1"/>
						<line number="191" hits="1"/>
						<line number="196" hits="1"/>
						<line number="202" hits="1"/>
						<line number="210" hits="1"/>
						<line number="213" hits="1"/>
						<line number="216" hits="1"/>
						<line number="217" hits="1" branch="true" condition-coverage="100% (2/2)"/>
						<line number="218" hits="1"/>
						<line number="219" hits="1" branch="true" condition-coverage="50% (1/2)" missing-branches="220"/>
						<line number="220" hits="0"/>
						<line number="222" hits="1"/>
						<line number="223" hits="1"/>
						<line number="224" hits="0"/>
						<line number="225" hits="0"/>
						<line number="228" hits="0"/>
						<line number="229" hits="0"/>
						<line number="233" hits="1"/>
						<line number="234" hits="1"/>
						<line number="235" hits="1"/>
						<line number="236" hits="1"/>
						<line number="241" hits="1"/>
						<line number="244" hits="1"/>
						<line number="258" hits="1" branch="true" condition-coverage="50% (1/2)" missing-branches="259"/>
						<line number="259" hits="0"/>
						<line number="260" hits="1" branch="true" condition-coverage="50% (1/2)" missing-branches="261"/>
						<line number="261" hits="0"/>
						<line number="263" hits="1"/>
						<line number="264" hits="1"/>
						<line number="265" hits="1"/>
						<line number="267" hits="1"/>
						<line number="268" hits="1"/>
						<line number="270" hits="1"/>
						<line number="271" hits="1"/>
						<line number="272" hits="1"/>
						<line number="273" hits="1"/>
						<line number="274" hits="1"/>
						<line number="279" hits="1"/>
						<line number="285" hits="1"/>
						<line number="286" hits="1"/>
						<line number="301" hits="1"/>
						<line number="310" hits="1"/>
						<line number="311" hits="1"/>
						<line number="314" hits="1"/>
						<line number="322" hits="1"/>
						<line number="323" hits="1"/>
						<line number="324" hits="1"/>
						<line number="326" hits="1"/>
						<line number="327" hits="1"/>
						<line number="328" hits="1"/>
						<line number="329" hits="1"/>
						<line number="330" hits="1"/>
						<line number="332" hits="1"/>
						<line number="333" hits="1"/>
						<line number="335" hits="1" branch="true" condition-coverage="50% (1/2)" missing-branches="336"/>
						<line number="336" hits="0"/>
						<line number="338" hits="1" branch="true" condition-coverage="100% (2/2)"/>
						<line number="339" hits="1"/>
						<line number="340" hits="1"/>
						<line number="344" hits="1"/>
						<line number="346" hits="1"/>
						<line number="352" hits="1"/>
						<line number="353" hits="1"/>
						<line number="355" hits="1"/>
						<line number="356" hits="0"/>
						<line number="357" hits="0"/>
						<line number="358" hits="1"/>
						<line number="359" hits="0"/>
						<line number="360" hits="0"/>
						<line number="361" hits="1"/>
						<line number="362" hits="0"/>
						<line number="363" hits="0"/>
						<line number="364" hits="1"/>
						<line number="365" hits="1"/>
						<line number="366" hits="1"/>
						<line number="373" hits="1"/>
						<line number="374" hits="1"/>
						<line number="375" hits="1"/>
						<line number="376" hits="1"/>
						<line number="377" hits="1"/>
						<line number="378" hits="1"/>
						<line number="379" hits="0"/>
						<line number="380" hits="0"/>
						<line number="381" hits="0"/>
						<line number="382" hits="0"/>
						<line number="383" hits="1"/>
						<line number="386" hits="1"/>
						<line number="391" hits="1"/>
						<line number="392" hits="1" branch="true" condition-coverage="100% (2/2)"/>
						<line number="393" hits="1"/>
						<line number="394" hits="1"/>
						<line number="395" hits="1"/>
						<line number="406" hits="1"/>
						<line number="407" hits="1"/>
						<line number="410" hits="1" branch="true" condition-coverage="50% (1/2)" missing-branches="411"/>
						<line number="411" hits="0"/>
						<line number="415" hits="1"/>
						<line number="416" hits="1"/>
						<line number="419" hits="1"/>
						<line number="424" hits="1"/>
						<line number="425" hits="1"/>
						<line number="427" hits="1"/>
						<line number="434" hits="0"/>
						<line number="435" hits="0"/>
						<line number="437" hits="1"/>
						<line number="438" hits="1"/>
						<line number="441" hits="1"/>
						<line number="442" hits="1"/>
						<line number="443" hits="1"/>
						<line number="445" hits="1"/>
						<line number="446" hits="1"/>
						<line number="447" hits="1"/>
						<line number="448" hits="0"/>
						<line number="449" hits="0"/>
						<line number="454" hits="1"/>
						<line number="455" hits="1"/>
						<line number="458" hits="1"/>
						<line number="459" hits="1"/>
						<line number="460" hits="1"/>
						<line number="461" hits="1"/>
						<line number="462" hits="1"/>
						<line number="464" hits="1"/>
						<line number="469" hits="1"/>
						<line number="471" hits="1"/>
						<line number="472" hits="1"/>
						<line number="473" hits="1"/>
						<line number="474" hits="1"/>
						<line number="480" hits="1"/>
						<line number="481" hits="1"/>
						<line number="482" hits="1" branch="true" condition-coverage="50% (1/2)" missing-branches="483"/>
						<line number="483" hits="0"/>
						<line number="484" hits="1"/>
						<line number="486" hits="1"/>
						<line number="487" hits="1"/>
						<line number="490" hits="1"/>
						<line number="491" hits="1"/>
						<line number="492" hits="1"/>
						<line number="493" hits="1"/>
						<line number="494" hits="1"/>
						<line number="495" hits="0"/>
						<line number="496" hits="0"/>
						<line number="501" hits="1"/>
						<line number="508" hits="1"/>
						<line number="509" hits="1" branch="true" condition-coverage="100% (2/2)"/>
						<line number="510" hits="1" branch="true" condition-coverage="50% (1/2)" missing-branches="511"/>
						<line number="511" hits="0"/>
						<line number="514" hits="1"/>
						<line number="515" hits="1"/>
						<line number="516" hits="1"/>
						<line number="517" hits="0"/>
						<line number="518" hits="0" branch="true" condition-coverage="0% (0/2)" missing-branches="519,520"/>
						<line number="519" hits="0"/>
						<line number="520" hits="0"/>
						<line number="525" hits="1"/>
						<line number="529" hits="1"/>
						<line number="530" hits="1"/>
						<line number="531" hits="1" branch="true" condition-coverage="100% (2/2)"/>
						<line number="532" hits="1"/>
						<line number="533" hits="1"/>
						<line number="534" hits="1"/>
						<line number="535" hits="1" branch="true" condition-coverage="100% (2/2)"/>
						<line number="536" hits="1" branch="true" condition-coverage="50% (1/2)" missing-branches="537"/>
						<line number="537" hits="0"/>
						<line number="540" hits="1"/>
						<line number="541" hits="1"/>
						<line number="542" hits="1"/>
						<line number="543" hits="0"/>
						<line number="544" hits="0"/>
						<line number="547" hits="1"/>
						<line number="548" hits="1"/>
						<line number="551" hits="1"/>
						<line number="554" hits="1"/>
						<line number="568" hits="1"/>
						<line number="572" hits="0"/>
						<line number="573" hits="0"/>
						<line number="580" hits="0"/>
						<line number="581" hits="0"/>
						<line number="582" hits="0" branch="true" condition-coverage="0% (0/2)" missing-branches="583,593"/>
						<line number="583" hits="0"/>
						<line number="584" hits="0"/>
						<line number="591" hits="0"/>
						<line number="593" hits="0"/>
						<line number="597" hits="0"/>
						<line number="604" hits="0"/>
						<line number="605" hits="0"/>
						<line number="606" hits="0"/>
						<line number="607" hits="0"/>
						<line number="610" hits="1"/>
						<line number="611" hits="1"/>
						<line number="612" hits="1"/>
						<line number="613" hits="1"/>
						<line number="614" hits="0"/>
						<line number="615" hits="0"/>
						<line number="618" hits="1"/>
						<line number="621" hits="1"/>
						<line number="636" hits="1"/>
						<line number="637" hits="1"/>
						<line number="639" hits="1" branch="true" condition-coverage="100% (2/2)"/>
						<line number="640" hits="1"/>
						<line number="641" hits="1"/>
						<line number="642" hits="1"/>
						<line number="643" hits="1"/>
						<line number="644" hits="1"/>
						<line number="660" hits="1"/>
						<line number="694" hits="1"/>
						<line number="695" hits="1"/>
						<line number="696" hits="1"/>
						<line number="700" hits="0"/>
						<line number="701" hits="0"/>
						<line number="702" hits="1"/>
						<line number="705" hits="1"/>
						<line number="715" hits="1"/>
						<line number="717" hits="1"/>
						<line number="718" hits="1"/>
						<line number="720" hits="1"/>
						<line number="730" hits="1"/>
						<line number="731" hits="1"/>
						<line number="732" hits="1"/>
						<line number="733" hits="1"/>
						<line number="738" hits="1"/>
						<line number="739" hits="1"/>
						<line number="742" hits="1"/>
						<line number="743" hits="1"/>
						<line number="744" hits="1"/>
						<line number="745" hits="1"/>
						<line number="746" hits="0"/>
						<line number="747" hits="0"/>
						<line number="750" hits="1"/>
						<line number="751" hits="1"/>
						<line number="752" hits="1"/>
						<line number="753" hits="1"/>
						<line number="754" hits="1"/>
						<line number="755" hits="1"/>
						<line number="756" hits="1"/>
						<line number="757" hits="1"/>
						<line number="758" hits="1"/>
						<line number="759" hits="1"/>
						<line number="760" hits="1"/>
						<line number="762" hits="1"/>
						<line number="763" hits="1"/>
						<line number="764" hits="1"/>
						<line number="765" hits="1"/>
						<line number="768" hits="1"/>
						<line number="769" hits="1"/>
						<line number="770" hits="1"/>
						<line number="771" hits="1"/>
						<line number="772" hits="1"/>
						<line number="773" hits="1"/>
						<line number="775" hits="1"/>
						<line number="778" hits="1"/>
						<line number="779" hits="1"/>
						<line number="780" hits="1"/>
						<line number="781" hits="1"/>
						<line number="782" hits="1"/>
						<line number="783" hits="1"/>
						<line number="785" hits="1"/>
						<line number="788" hits="1"/>
						<line number="791" hits="1"/>
						<line number="792" hits="1" branch="true" condition-coverage="100% (2/2)"/>
						<line number="793" hits="1"/>
						<line number="794" hits="1"/>
						<line number="795" hits="1" branch="true" condition-coverage="50% (1/2)" missing-branches="796"/>
						<line number="796" hits="0"/>
						<line number="800" hits="1"/>
						<line number="803" hits="1"/>
						<line number="804" hits="1"/>
						<line number="805" hits="1"/>
						<line number="806" hits="1"/>
						<line number="807" hits="1"/>
						<line number="810" hits="1"/>
						<line number="811" hits="1" branch="true" condition-coverage="50% (1/2)" missing-branches="812"/>
						<line number="812" hits="0"/>
						<line number="813" hits="1" branch="true" condition-coverage="50% (1/2)" missing-branches="814"/>
						<line number="814" hits="0"/>
						<line number="815" hits="1"/>
						<line number="818" hits="1"/>
						<line number="819" hits="1" branch="true" condition-coverage="50% (1/2)" missing-branches="820"/>
						<line number="820" hits="0"/>
						<line number="821" hits="1"/>
						<line number="824" hits="1"/>
						<line number="825" hits="1" branch="true" condition-coverage="50% (1/2)" missing-branches="826"/>
						<line number="826" hits="0"/>
						<line number="827" hits="1"/>
						<line number="830" hits="1"/>
						<line number="831" hits="1" branch="true" condition-coverage="100% (2/2)"/>
						<line number="832" hits="1"/>
						<line number="833" hits="1" branch="true" condition-coverage="50% (1/2)" missing-branches="836"/>
						<line number="834" hits="1"/>
						<line number="836" hits="0"/>
						<line number="839" hits="1"/>
						<line number="840" hits="1"/>
						<line number="841" hits="1"/>
						<line number="842" hits="0"/>
						<line number="843" hits="0"/>
						<line number="846" hits="1"/>
						<line number="847" hits="1"/>
						<line number="850" hits="1"/>
						<line number="851" hits="1"/>
					</lines>
				</class>
				<class name="config.py" filename="src/validation/config.py" complexity="0" line-rate="0.8947" branch-rate="0.7661">
					<methods/>
					<lines>
						<line number="13" hits="1"/>
						<line number="15" hits="1"/>
						<line number="16" hits="1"/>
						<line number="17" hits="1"/>
						<line number="18" hits="1"/>
						<line number="19" hits="1"/>
						<line number="20" hits="1"/>
						<line number="22" hits="1"/>
						<line number="31" hits="1"/>
						<line number="47" hits="1"/>
						<line number="49" hits="1"/>
						<line number="50" hits="1"/>
						<line number="51" hits="1"/>
						<line number="54" hits="1"/>
						<line number="59" hits="1"/>
						<line number="68" hits="1"/>
						<line number="69" hits="1"/>
						<line number="72" hits="1"/>
						<line number="73" hits="1"/>
						<line number="75" hits="1"/>
						<line number="76" hits="1"/>
						<line number="77" hits="1"/>
						<line number="79" hits="1" branch="true" condition-coverage="100% (2/2)"/>
						<line number="80" hits="1"/>
						<line number="84" hits="1"/>
						<line number="92" hits="1"/>
						<line number="96" hits="1"/>
						<line number="101" hits="1"/>
						<line number="113" hits="1"/>
						<line number="114" hits="1"/>
						<line number="117" hits="1"/>
						<line number="118" hits="1"/>
						<line number="119" hits="1"/>
						<line number="120" hits="1"/>
						<line number="121" hits="1"/>
						<line number="123" hits="1"/>
						<line number="124" hits="1"/>
						<line number="125" hits="1"/>
						<line number="130" hits="1"/>
						<line number="135" hits="1"/>
						<line number="140" hits="1"/>
						<line number="146" hits="1"/>
						<line number="147" hits="1"/>
						<line number="150" hits="1"/>
						<line number="165" hits="1"/>
						<line number="166" hits="1"/>
						<line number="174" hits="1"/>
						<line number="175" hits="1"/>
						<line number="176" hits="1"/>
						<line number="177" hits="1"/>
						<line number="179" hits="1"/>
						<line number="180" hits="1"/>
						<line number="181" hits="1"/>
						<line number="190" hits="1"/>
						<line number="191" hits="1"/>
						<line number="192" hits="1"/>
						<line number="194" hits="1" branch="true" condition-coverage="50% (1/2)" missing-branches="195"/>
						<line number="195" hits="0"/>
						<line number="196" hits="0"/>
						<line number="206" hits="1"/>
						<line number="207" hits="1"/>
						<line number="210" hits="1"/>
						<line number="211" hits="1"/>
						<line number="212" hits="1"/>
						<line number="213" hits="1"/>
						<line number="214" hits="1"/>
						<line number="217" hits="1"/>
						<line number="218" hits="1"/>
						<line number="219" hits="1"/>
						<line number="220" hits="1"/>
						<line number="221" hits="1"/>
						<line number="222" hits="1"/>
						<line number="223" hits="1"/>
						<line number="225" hits="1"/>
						<line number="226" hits="1"/>
						<line number="230" hits="1"/>
						<line number="231" hits="1"/>
						<line number="232" hits="1"/>
						<line number="234" hits="1"/>
						<line number="242" hits="1"/>
						<line number="250" hits="1"/>
						<line number="258" hits="1"/>
						<line number="260" hits="1" branch="true" condition-coverage="50% (1/2)" missing-branches="261"/>
						<line number="261" hits="0"/>
						<line number="262" hits="0"/>
						<line number="267" hits="1"/>
						<line number="268" hits="1"/>
						<line number="270" hits="1" branch="true" condition-coverage="100% (2/2)"/>
						<line number="271" hits="1"/>
						<line number="276" hits="1"/>
						<line number="277" hits="1" branch="true" condition-coverage="50% (1/2)" missing-branches="278"/>
						<line number="278" hits="0"/>
						<line number="279" hits="0"/>
						<line number="282" hits="1"/>
						<line number="284" hits="1"/>
						<line number="286" hits="1"/>
						<line number="293" hits="1"/>
						<line number="295" hits="1"/>
						<line number="297" hits="1"/>
						<line number="316" hits="1"/>
						<line number="317" hits="1"/>
						<line number="320" hits="1"/>
						<line number="321" hits="1"/>
						<line number="322" hits="1"/>
						<line number="323" hits="1"/>
						<line number="324" hits="1"/>
						<line number="326" hits="1"/>
						<line number="327" hits="1"/>
						<line number="328" hits="1"/>
						<line number="337" hits="1"/>
						<line number="342" hits="1"/>
						<line number="347" hits="1"/>
						<line number="349" hits="1" branch="true" condition-coverage="100% (2/2)"/>
						<line number="350" hits="1"/>
						<line number="354" hits="1"/>
						<line number="355" hits="1"/>
						<line number="358" hits="1"/>
						<line number="360" hits="1"/>
						<line number="361" hits="1"/>
						<line number="364" hits="1"/>
						<line number="366" hits="1"/>
						<line number="367" hits="1"/>
						<line number="370" hits="1"/>
						<line number="372" hits="1"/>
						<line number="375" hits="1" branch="true" condition-coverage="100% (2/2)"/>
						<line number="376" hits="1"/>
						<line number="377" hits="1" branch="true" condition-coverage="50% (1/2)" missing-branches="378"/>
						<line number="378" hits="0"/>
						<line number="382" hits="1"/>
						<line number="387" hits="1" branch="true" condition-coverage="100% (2/2)"/>
						<line number="388" hits="1"/>
						<line number="389" hits="1"/>
						<line number="400" hits="1"/>
						<line number="401" hits="1"/>
						<line number="404" hits="1"/>
						<line number="405" hits="1"/>
						<line number="406" hits="1"/>
						<line number="407" hits="1"/>
						<line number="408" hits="1"/>
						<line number="409" hits="1"/>
						<line number="410" hits="1"/>
						<line number="411" hits="1"/>
						<line number="413" hits="1"/>
						<line number="414" hits="1" branch="true" condition-coverage="50% (1/2)" missing-branches="415"/>
						<line number="415" hits="0"/>
						<line number="416" hits="1" branch="true" condition-coverage="50% (1/2)" missing-branches="417"/>
						<line number="417" hits="0"/>
						<line number="418" hits="1" branch="true" condition-coverage="50% (1/2)" missing-branches="419"/>
						<line number="419" hits="0"/>
						<line number="420" hits="1" branch="true" condition-coverage="50% (1/2)" missing-branches="421"/>
						<line number="421" hits="0"/>
						<line number="423" hits="1"/>
						<line number="424" hits="1" branch="true" condition-coverage="100% (2/2)"/>
						<line number="425" hits="1"/>
						<line number="426" hits="1" branch="true" condition-coverage="50% (1/2)" missing-branches="427"/>
						<line number="427" hits="0"/>
						<line number="429" hits="1"/>
						<line number="430" hits="1" branch="true" condition-coverage="100% (2/2)"/>
						<line number="431" hits="1"/>
						<line number="432" hits="1"/>
						<line number="434" hits="1"/>
						<line number="435" hits="1"/>
						<line number="441" hits="1" branch="true" condition-coverage="50% (1/2)" missing-branches="442"/>
						<line number="442" hits="0"/>
						<line number="443" hits="1" branch="true" condition-coverage="100% (2/2)"/>
						<line number="448" hits="1"/>
						<line number="453" hits="1"/>
						<line number="456" hits="1"/>
						<line number="457" hits="1"/>
						<line number="459" hits="1"/>
						<line number="462" hits="1"/>
						<line number="463" hits="1" branch="true" condition-coverage="100% (2/2)"/>
						<line number="464" hits="1" branch="true" condition-coverage="100% (2/2)"/>
						<line number="465" hits="1"/>
						<line number="466" hits="1"/>
						<line number="468" hits="1"/>
						<line number="471" hits="1"/>
						<line number="473" hits="1"/>
						<line number="476" hits="1"/>
						<line number="478" hits="1"/>
						<line number="481" hits="1"/>
						<line number="483" hits="1"/>
						<line number="491" hits="1"/>
						<line number="498" hits="1"/>
						<line number="499" hits="1"/>
						<line number="502" hits="1"/>
						<line number="504" hits="1"/>
						<line number="505" hits="1"/>
						<line number="508" hits="1"/>
						<line number="510" hits="1"/>
						<line number="511" hits="1"/>
						<line number="514" hits="1"/>
						<line number="516" hits="1"/>
						<line number="517" hits="1"/>
						<line number="524" hits="1" branch="true" condition-coverage="100% (2/2)"/>
						<line number="525" hits="1"/>
						<line number="527" hits="1"/>
						<line number="528" hits="1"/>
						<line number="529" hits="1"/>
						<line number="530" hits="1"/>
						<line number="531" hits="1"/>
						<line number="533" hits="1"/>
						<line number="538" hits="1"/>
						<line number="543" hits="1"/>
						<line number="548" hits="1"/>
						<line number="554" hits="1"/>
						<line number="555" hits="1" branch="true" condition-coverage="100% (2/2)"/>
						<line number="556" hits="1" branch="true" condition-coverage="50% (1/2)" missing-branches="557"/>
						<line number="557" hits="0"/>
						<line number="560" hits="1"/>
						<line number="568" hits="1"/>
						<line number="570" hits="1"/>
						<line number="571" hits="1"/>
						<line number="581" hits="0"/>
						<line number="582" hits="0"/>
						<line number="583" hits="0"/>
						<line number="584" hits="0"/>
						<line number="594" hits="1"/>
						<line number="595" hits="1" branch="true" condition-coverage="50% (1/2)" missing-branches="596"/>
						<line number="596" hits="0"/>
						<line number="600" hits="1"/>
						<line number="601" hits="1" branch="true" condition-coverage="50% (1/2)" missing-branches="602"/>
						<line number="602" hits="0"/>
						<line number="604" hits="1"/>
						<line number="607" hits="1"/>
						<line number="608" hits="1" branch="true" condition-coverage="50% (1/2)" missing-branches="609"/>
						<line number="609" hits="0"/>
						<line number="611" hits="1"/>
						<line number="612" hits="1" branch="true" condition-coverage="100% (2/2)"/>
						<line number="613" hits="1"/>
						<line number="614" hits="1"/>
						<line number="617" hits="1"/>
						<line number="622" hits="1" branch="true" condition-coverage="100% (2/2)"/>
						<line number="623" hits="1"/>
						<line number="624" hits="1" branch="true" condition-coverage="50% (1/2)" missing-branches="625"/>
						<line number="625" hits="0"/>
						<line number="627" hits="1"/>
						<line number="628" hits="1"/>
						<line number="629" hits="1" branch="true" condition-coverage="100% (2/2)"/>
						<line number="630" hits="1"/>
						<line number="631" hits="1"/>
						<line number="632" hits="1" branch="true" condition-coverage="100% (2/2)"/>
						<line number="633" hits="1"/>
						<line number="634" hits="1"/>
						<line number="635" hits="1"/>
						<line number="638" hits="1"/>
						<line number="639" hits="1"/>
						<line number="640" hits="1" branch="true" condition-coverage="100% (2/2)"/>
						<line number="641" hits="1"/>
						<line number="642" hits="1" branch="true" condition-coverage="100% (2/2)"/>
						<line number="643" hits="1"/>
						<line number="647" hits="1"/>
						<line number="650" hits="1"/>
						<line number="651" hits="1" branch="true" condition-coverage="100% (2/2)"/>
						<line number="652" hits="1"/>
						<line number="653" hits="1"/>
						<line number="654" hits="1" branch="true" condition-coverage="100% (2/2)"/>
						<line number="655" hits="1"/>
						<line number="656" hits="1"/>
						<line number="659" hits="1"/>
						<line number="663" hits="1" branch="true" condition-coverage="100% (2/2)"/>
						<line number="664" hits="1"/>
						<line number="665" hits="1" branch="true" condition-coverage="50% (1/2)" missing-branches="666"/>
						<line number="666" hits="0"/>
						<line number="667" hits="1"/>
						<line number="668" hits="1" branch="true" condition-coverage="50% (1/2)" missing-branches="669"/>
						<line number="669" hits="0"/>
						<line number="670" hits="1"/>
						<line number="673" hits="1"/>
						<line number="674" hits="1" branch="true" condition-coverage="50% (1/2)" missing-branches="675"/>
						<line number="675" hits="0"/>
						<line number="678" hits="1"/>
						<line number="679" hits="1" branch="true" condition-coverage="50% (1/2)" missing-branches="680"/>
						<line number="680" hits="0"/>
						<line number="683" hits="1"/>
						<line number="689" hits="1"/>
						<line number="690" hits="1"/>
						<line number="691" hits="1" branch="true" condition-coverage="100% (2/2)"/>
						<line number="692" hits="1"/>
						<line number="693" hits="1" branch="true" condition-coverage="100% (2/2)"/>
						<line number="694" hits="1"/>
						<line number="695" hits="1"/>
						<line number="698" hits="1"/>
						<line number="699" hits="1"/>
						<line number="700" hits="1"/>
						<line number="701" hits="1" branch="true" condition-coverage="50% (1/2)" missing-branches="702"/>
						<line number="702" hits="0"/>
						<line number="705" hits="1"/>
						<line number="708" hits="1"/>
						<line number="714" hits="1" branch="true" condition-coverage="50% (1/2)" missing-branches="715"/>
						<line number="715" hits="0"/>
						<line number="716" hits="1" branch="true" condition-coverage="50% (1/2)" missing-branches="717"/>
						<line number="717" hits="0"/>
						<line number="719" hits="1"/>
						<line number="720" hits="1" branch="true" condition-coverage="100% (2/2)"/>
						<line number="721" hits="1"/>
						<line number="726" hits="1"/>
						<line number="727" hits="1" branch="true" condition-coverage="100% (2/2)"/>
						<line number="728" hits="1"/>
						<line number="729" hits="1" branch="true" condition-coverage="100% (2/2)"/>
						<line number="730" hits="1"/>
						<line number="731" hits="1"/>
						<line number="734" hits="1"/>
						<line number="735" hits="1"/>
						<line number="736" hits="1"/>
						<line number="737" hits="1" branch="true" condition-coverage="100% (2/2)"/>
						<line number="738" hits="1" branch="true" condition-coverage="100% (2/2)"/>
						<line number="739" hits="1"/>
						<line number="740" hits="1"/>
						<line number="741" hits="1"/>
						<line number="744" hits="1"/>
						<line number="745" hits="1" branch="true" condition-coverage="100% (2/2)"/>
						<line number="746" hits="1"/>
						<line number="747" hits="1" branch="true" condition-coverage="100% (2/2)"/>
						<line number="748" hits="1"/>
						<line number="749" hits="1" branch="true" condition-coverage="100% (2/2)"/>
						<line number="750" hits="1"/>
						<line number="751" hits="1" branch="true" condition-coverage="50% (1/2)" missing-branches="752"/>
						<line number="752" hits="0"/>
						<line number="753" hits="1" branch="true" condition-coverage="100% (2/2)"/>
						<line number="754" hits="1"/>
						<line number="755" hits="1"/>
						<line number="758" hits="1"/>
						<line number="759" hits="1"/>
						<line number="767" hits="1"/>
						<line number="768" hits="1"/>
						<line number="771" hits="1"/>
						<line number="775" hits="1" branch="true" condition-coverage="50% (1/2)" missing-branches="776"/>
						<line number="776" hits="0"/>
						<line number="777" hits="1"/>
						<line number="778" hits="1" branch="true" condition-coverage="50% (1/2)" missing-branches="779"/>
						<line number="779" hits="0"/>
						<line number="780" hits="1"/>
						<line number="783" hits="1"/>
						<line number="787" hits="1"/>
						<line number="788" hits="1" branch="true" condition-coverage="50% (1/2)" missing-branches="789"/>
						<line number="789" hits="0"/>
						<line number="790" hits="1"/>
						<line number="793" hits="1"/>
						<line number="797" hits="1" branch="true" condition-coverage="50% (1/2)" missing-branches="798"/>
						<line number="798" hits="0"/>
						<line number="799" hits="1"/>
						<line number="800" hits="1" branch="true" condition-coverage="50% (1/2)" missing-branches="801"/>
						<line number="801" hits="0"/>
						<line number="802" hits="1"/>
						<line number="805" hits="1"/>
						<line number="811" hits="1"/>
						<line number="812" hits="1"/>
						<line number="813" hits="1"/>
						<line number="814" hits="1"/>
						<line number="815" hits="1"/>
						<line number="816" hits="1"/>
						<line number="819" hits="1"/>
						<line number="820" hits="1" branch="true" condition-coverage="100% (2/2)"/>
						<line number="821" hits="1"/>
						<line number="822" hits="1" branch="true" condition-coverage="50% (1/2)" missing-branches="829"/>
						<line number="823" hits="1"/>
						<line number="824" hits="1"/>
						<line number="825" hits="0"/>
						<line number="826" hits="0"/>
						<line number="829" hits="0"/>
					</lines>
				</class>
				<class name="constants.py" filename="src/validation/constants.py" complexity="0" line-rate="1" branch-rate="1">
					<methods/>
					<lines>
						<line number="10" hits="1"/>
						<line number="16" hits="1"/>
						<line number="17" hits="1"/>
						<line number="24" hits="1"/>
						<line number="38" hits="1"/>
						<line number="39" hits="1"/>
						<line number="40" hits="1"/>
						<line number="41" hits="1"/>
						<line number="48" hits="1"/>
						<line number="49" hits="1"/>
						<line number="56" hits="1"/>
						<line number="57" hits="1"/>
						<line number="64" hits="1"/>
						<line number="78" hits="1"/>
						<line number="91" hits="1"/>
						<line number="92" hits="1"/>
						<line number="99" hits="1"/>
						<line number="100" hits="1"/>
						<line number="101" hits="1"/>
						<line number="108" hits="1"/>
						<line number="109" hits="1"/>
						<line number="116" hits="1"/>
						<line number="117" hits="1"/>
						<line number="118" hits="1"/>
						<line number="119" hits="1"/>
						<line number="120" hits="1"/>
						<line number="127" hits="1"/>
						<line number="128" hits="1"/>
						<line number="129" hits="1"/>
						<line number="130" hits="1"/>
						<line number="131" hits="1"/>
						<line number="132" hits="1"/>
						<line number="139" hits="1"/>
						<line number="140" hits="1"/>
						<line number="141" hits="1"/>
						<line number="142" hits="1"/>
						<line number="143" hits="1"/>
						<line number="144" hits="1"/>
						<line number="151" hits="1"/>
						<line number="152" hits="1"/>
						<line number="153" hits="1"/>
						<line number="154" hits="1"/>
						<line number="155" hits="1"/>
						<line number="156" hits="1"/>
					</lines>
				</class>
				<class name="loaders.py" filename="src/validation/loaders.py" complexity="0" line-rate="1" branch-rate="1">
					<methods/>
					<lines>
						<line number="11" hits="1"/>
						<line number="13" hits="1"/>
						<line number="15" hits="1"/>
						<line number="16" hits="1"/>
						<line number="19" hits="1"/>
						<line number="24" hits="1" branch="true" condition-coverage="100% (2/2)"/>
						<line number="25" hits="1"/>
						<line number="27" hits="1" branch="true" condition-coverage="100% (2/2)"/>
						<line number="28" hits="1"/>
						<line number="30" hits="1"/>
						<line number="33" hits="1"/>
						<line number="41" hits="1"/>
						<line number="43" hits="1"/>
						<line number="68" hits="1"/>
						<line number="73" hits="1"/>
						<line number="79" hits="1"/>
						<line number="84" hits="1"/>
					</lines>
				</class>
				<class name="models.py" filename="src/validation/models.py" complexity="0" line-rate="1" branch-rate="1">
					<methods/>
					<lines>
						<line number="14" hits="1"/>
						<line number="15" hits="1"/>
						<line number="17" hits="1"/>
						<line number="20" hits="1"/>
						<line number="21" hits="1"/>
						<line number="35" hits="1"/>
						<line number="36" hits="1"/>
						<line number="42" hits="1"/>
						<line number="43" hits="1"/>
						<line number="44" hits="1"/>
						<line number="45" hits="1"/>
						<line number="46" hits="1"/>
						<line number="47" hits="1"/>
						<line number="49" hits="1"/>
						<line number="50" hits="1"/>
						<line number="53" hits="1"/>
						<line number="55" hits="1"/>
						<line number="56" hits="1"/>
						<line number="59" hits="1"/>
						<line number="61" hits="1"/>
						<line number="62" hits="1"/>
						<line number="65" hits="1"/>
						<line number="67" hits="1"/>
						<line number="68" hits="1"/>
						<line number="71" hits="1"/>
						<line number="73" hits="1"/>
						<line number="74" hits="1"/>
						<line number="77" hits="1"/>
						<line number="79" hits="1"/>
						<line number="80" hits="1"/>
						<line number="83" hits="1"/>
						<line number="85" hits="1"/>
						<line number="86" hits="1"/>
						<line number="93" hits="1"/>
					</lines>
				</class>
				<class name="plots.py" filename="src/validation/plots.py" complexity="0" line-rate="0.9721" branch-rate="0.8254">
					<methods/>
					<lines>
						<line number="13" hits="1"/>
						<line number="15" hits="1"/>
						<line number="16" hits="1"/>
						<line number="17" hits="1"/>
						<line number="18" hits="1"/>
						<line number="20" hits="1"/>
						<line number="21" hits="1"/>
						<line number="22" hits="1"/>
						<line number="23" hits="1"/>
						<line number="24" hits="1"/>
						<line number="25" hits="1"/>
						<line number="27" hits="1"/>
						<line number="28" hits="1"/>
						<line number="34" hits="1"/>
						<line number="62" hits="1"/>
						<line number="63" hits="1"/>
						<line number="64" hits="1"/>
						<line number="66" hits="1"/>
						<line number="71" hits="1"/>
						<line number="78" hits="1"/>
						<line number="79" hits="1"/>
						<line number="88" hits="1"/>
						<line number="89" hits="1"/>
						<line number="90" hits="1"/>
						<line number="91" hits="1"/>
						<line number="92" hits="1"/>
						<line number="93" hits="1"/>
						<line number="94" hits="1"/>
						<line number="95" hits="1"/>
						<line number="96" hits="1"/>
						<line number="99" hits="1"/>
						<line number="103" hits="1"/>
						<line number="104" hits="1"/>
						<line number="107" hits="1"/>
						<line number="108" hits="1"/>
						<line number="109" hits="1"/>
						<line number="110" hits="1"/>
						<line number="111" hits="1"/>
						<line number="114" hits="1"/>
						<line number="115" hits="1"/>
						<line number="116" hits="1"/>
						<line number="117" hits="1"/>
						<line number="118" hits="1"/>
						<line number="120" hits="1"/>
						<line number="121" hits="1"/>
						<line number="122" hits="1"/>
						<line number="123" hits="1"/>
						<line number="124" hits="1"/>
						<line number="125" hits="1"/>
						<line number="129" hits="1"/>
						<line number="133" hits="1"/>
						<line number="139" hits="1"/>
						<line number="140" hits="1"/>
						<line number="143" hits="1"/>
						<line number="144" hits="1"/>
						<line number="147" hits="1"/>
						<line number="148" hits="1"/>
						<line number="151" hits="1"/>
						<line number="159" hits="1"/>
						<line number="178" hits="1"/>
						<line number="179" hits="1"/>
						<line number="186" hits="1"/>
						<line number="187" hits="1"/>
						<line number="188" hits="1"/>
						<line number="189" hits="1"/>
						<line number="190" hits="1"/>
						<line number="192" hits="1" branch="true" condition-coverage="100% (2/2)"/>
						<line number="193" hits="1"/>
						<line number="201" hits="1"/>
						<line number="209" hits="1"/>
						<line number="220" hits="1"/>
						<line number="221" hits="1"/>
						<line number="222" hits="1"/>
						<line number="223" hits="1"/>
						<line number="224" hits="1"/>
						<line number="225" hits="1"/>
						<line number="227" hits="1" branch="true" condition-coverage="50% (1/2)" missing-branches="246"/>
						<line number="228" hits="1" branch="true" condition-coverage="100% (2/2)"/>
						<line number="229" hits="1"/>
						<line number="237" hits="1"/>
						<line number="246" hits="1"/>
						<line number="249" hits="1"/>
						<line number="258" hits="1"/>
						<line number="259" hits="1"/>
						<line number="260" hits="1"/>
						<line number="267" hits="1"/>
						<line number="268" hits="1"/>
						<line number="269" hits="1"/>
						<line number="276" hits="1"/>
						<line number="277" hits="1"/>
						<line number="278" hits="1"/>
						<line number="279" hits="1"/>
						<line number="281" hits="1" branch="true" condition-coverage="100% (2/2)"/>
						<line number="282" hits="1" branch="true" condition-coverage="100% (2/2)"/>
						<line number="283" hits="1"/>
						<line number="285" hits="1"/>
						<line number="286" hits="1"/>
						<line number="287" hits="1"/>
						<line number="288" hits="1"/>
						<line number="289" hits="1"/>
						<line number="290" hits="1"/>
						<line number="292" hits="1" branch="true" condition-coverage="50% (1/2)" missing-branches="302"/>
						<line number="293" hits="1" branch="true" condition-coverage="100% (2/2)"/>
						<line number="299" hits="1"/>
						<line number="300" hits="1"/>
						<line number="302" hits="1"/>
						<line number="312" hits="1"/>
						<line number="315" hits="1"/>
						<line number="331" hits="1"/>
						<line number="332" hits="1"/>
						<line number="333" hits="1"/>
						<line number="334" hits="1"/>
						<line number="341" hits="1"/>
						<line number="342" hits="1"/>
						<line number="343" hits="1"/>
						<line number="345" hits="1"/>
						<line number="346" hits="1"/>
						<line number="347" hits="1"/>
						<line number="348" hits="1"/>
						<line number="355" hits="1"/>
						<line number="356" hits="1"/>
						<line number="364" hits="1"/>
						<line number="374" hits="1"/>
						<line number="375" hits="1"/>
						<line number="376" hits="1"/>
						<line number="377" hits="1"/>
						<line number="378" hits="1"/>
						<line number="379" hits="1"/>
						<line number="381" hits="1" branch="true" condition-coverage="50% (1/2)" missing-branches="385"/>
						<line number="382" hits="1" branch="true" condition-coverage="100% (2/2)"/>
						<line number="383" hits="1"/>
						<line number="385" hits="1"/>
						<line number="395" hits="1"/>
						<line number="398" hits="1"/>
						<line number="407" hits="1"/>
						<line number="408" hits="1"/>
						<line number="425" hits="1"/>
						<line number="430" hits="1" branch="true" condition-coverage="100% (2/2)"/>
						<line number="431" hits="1"/>
						<line number="433" hits="1"/>
						<line number="434" hits="1"/>
						<line number="435" hits="1"/>
						<line number="441" hits="1"/>
						<line number="442" hits="1"/>
						<line number="443" hits="1"/>
						<line number="444" hits="1"/>
						<line number="445" hits="1"/>
						<line number="447" hits="1"/>
						<line number="448" hits="1"/>
						<line number="449" hits="1"/>
						<line number="451" hits="1" branch="true" condition-coverage="100% (2/2)"/>
						<line number="458" hits="1"/>
						<line number="459" hits="1"/>
						<line number="460" hits="1"/>
						<line number="472" hits="1"/>
						<line number="473" hits="1"/>
						<line number="474" hits="1"/>
						<line number="475" hits="1"/>
						<line number="476" hits="1"/>
						<line number="477" hits="1"/>
						<line number="478" hits="1"/>
						<line number="480" hits="1" branch="true" condition-coverage="50% (1/2)" missing-branches="497"/>
						<line number="481" hits="1" branch="true" condition-coverage="100% (2/2)"/>
						<line number="488" hits="1"/>
						<line number="497" hits="1"/>
						<line number="507" hits="1"/>
						<line number="510" hits="1"/>
						<line number="520" hits="1"/>
						<line number="531" hits="1"/>
						<line number="541" hits="1"/>
						<line number="552" hits="1"/>
						<line number="560" hits="1"/>
						<line number="561" hits="1"/>
						<line number="562" hits="1"/>
						<line number="563" hits="1"/>
						<line number="572" hits="1"/>
						<line number="581" hits="1"/>
						<line number="582" hits="1"/>
						<line number="583" hits="1"/>
						<line number="584" hits="1"/>
						<line number="593" hits="1"/>
						<line number="601" hits="1"/>
						<line number="608" hits="1"/>
						<line number="609" hits="1"/>
						<line number="610" hits="1"/>
						<line number="611" hits="1"/>
						<line number="612" hits="1"/>
						<line number="613" hits="1"/>
						<line number="614" hits="1"/>
						<line number="615" hits="1"/>
						<line number="616" hits="1"/>
						<line number="617" hits="1"/>
						<line number="618" hits="1"/>
						<line number="620" hits="1" branch="true" condition-coverage="50% (1/2)" missing-branches="624"/>
						<line number="621" hits="1" branch="true" condition-coverage="100% (2/2)"/>
						<line number="622" hits="1"/>
						<line number="624" hits="1"/>
						<line number="634" hits="1"/>
						<line number="637" hits="1"/>
						<line number="642" hits="1"/>
						<line number="643" hits="1" branch="true" condition-coverage="100% (2/2)"/>
						<line number="644" hits="1"/>
						<line number="646" hits="1"/>
						<line number="647" hits="1"/>
						<line number="656" hits="1" branch="true" condition-coverage="50% (1/2)" missing-branches="657"/>
						<line number="657" hits="0"/>
						<line number="660" hits="1"/>
						<line number="665" hits="1"/>
						<line number="666" hits="1"/>
						<line number="667" hits="1"/>
						<line number="668" hits="1"/>
						<line number="669" hits="1"/>
						<line number="677" hits="1"/>
						<line number="678" hits="1"/>
						<line number="679" hits="1"/>
						<line number="680" hits="1"/>
						<line number="681" hits="1"/>
						<line number="683" hits="1" branch="true" condition-coverage="100% (2/2)"/>
						<line number="684" hits="1"/>
						<line number="693" hits="1"/>
						<line number="701" hits="1"/>
						<line number="706" hits="1"/>
						<line number="707" hits="1" branch="true" condition-coverage="100% (2/2)"/>
						<line number="708" hits="1"/>
						<line number="710" hits="1"/>
						<line number="711" hits="1"/>
						<line number="712" hits="1"/>
						<line number="713" hits="1"/>
						<line number="720" hits="1"/>
						<line number="721" hits="1"/>
						<line number="722" hits="1"/>
						<line number="723" hits="1"/>
						<line number="728" hits="1"/>
						<line number="729" hits="1"/>
						<line number="730" hits="1"/>
						<line number="731" hits="1"/>
						<line number="732" hits="1"/>
						<line number="734" hits="1" branch="true" condition-coverage="100% (2/2)"/>
						<line number="735" hits="1"/>
						<line number="743" hits="1"/>
						<line number="746" hits="1"/>
						<line number="753" hits="1"/>
						<line number="754" hits="1" branch="true" condition-coverage="100% (2/2)"/>
						<line number="755" hits="1"/>
						<line number="756" hits="1"/>
						<line number="757" hits="1" branch="true" condition-coverage="100% (2/2)"/>
						<line number="758" hits="1"/>
						<line number="759" hits="1"/>
						<line number="760" hits="1"/>
						<line number="764" hits="1"/>
						<line number="765" hits="1" branch="true" condition-coverage="100% (2/2)"/>
						<line number="766" hits="1"/>
						<line number="774" hits="1" branch="true" condition-coverage="100% (2/2)"/>
						<line number="775" hits="1"/>
						<line number="777" hits="1"/>
						<line number="788" hits="1"/>
						<line number="789" hits="1"/>
						<line number="790" hits="1"/>
						<line number="791" hits="1"/>
						<line number="792" hits="1"/>
						<line number="793" hits="1"/>
						<line number="794" hits="1"/>
						<line number="795" hits="1"/>
						<line number="796" hits="1"/>
						<line number="797" hits="1"/>
						<line number="798" hits="1"/>
						<line number="799" hits="1"/>
						<line number="800" hits="1"/>
						<line number="802" hits="1" branch="true" condition-coverage="50% (1/2)" missing-branches="821"/>
						<line number="803" hits="1"/>
						<line number="804" hits="1"/>
						<line number="805" hits="1"/>
						<line number="806" hits="1" branch="true" condition-coverage="100% (2/2)"/>
						<line number="807" hits="1" branch="true" condition-coverage="100% (2/2)"/>
						<line number="808" hits="1"/>
						<line number="809" hits="1" branch="true" condition-coverage="50% (1/2)" missing-branches="807"/>
						<line number="810" hits="1"/>
						<line number="811" hits="1"/>
						<line number="821" hits="1"/>
						<line number="829" hits="1"/>
						<line number="836" hits="1"/>
						<line number="837" hits="1"/>
						<line number="918" hits="1" branch="true" condition-coverage="100% (2/2)"/>
						<line number="919" hits="1"/>
						<line number="934" hits="1"/>
						<line number="935" hits="1" branch="true" condition-coverage="100% (2/2)"/>
						<line number="936" hits="1"/>
						<line number="937" hits="1"/>
						<line number="938" hits="1"/>
						<line number="939" hits="1"/>
						<line number="941" hits="1"/>
						<line number="944" hits="1"/>
						<line number="951" hits="1"/>
						<line number="965" hits="1"/>
						<line number="966" hits="1" branch="true" condition-coverage="100% (2/2)"/>
						<line number="967" hits="1"/>
						<line number="968" hits="1"/>
						<line number="969" hits="1"/>
						<line number="970" hits="1"/>
						<line number="972" hits="1"/>
						<line number="975" hits="1"/>
						<line number="985" hits="1"/>
						<line number="986" hits="1"/>
						<line number="996" hits="1"/>
						<line number="1006" hits="1"/>
						<line number="1021" hits="1"/>
						<line number="1022" hits="1"/>
						<line number="1030" hits="1"/>
						<line number="1040" hits="1"/>
						<line number="1041" hits="1"/>
						<line number="1044" hits="1"/>
						<line number="1047" hits="1"/>
						<line number="1054" hits="1" branch="true" condition-coverage="100% (2/2)"/>
						<line number="1055" hits="1"/>
						<line number="1058" hits="1" branch="true" condition-coverage="100% (2/2)"/>
						<line number="1059" hits="1"/>
						<line number="1060" hits="1" branch="true" condition-coverage="50% (1/2)" missing-branches="1072"/>
						<line number="1061" hits="1" branch="true" condition-coverage="50% (1/2)" missing-branches="1062"/>
						<line number="1062" hits="0"/>
						<line number="1066" hits="1"/>
						<line number="1067" hits="1"/>
						<line number="1068" hits="1"/>
						<line number="1069" hits="1" branch="true" condition-coverage="50% (1/2)" missing-branches="1070"/>
						<line number="1070" hits="0"/>
						<line number="1072" hits="0"/>
						<line number="1076" hits="1"/>
						<line number="1077" hits="1" branch="true" condition-coverage="50% (1/2)" missing-branches="1078"/>
						<line number="1078" hits="0"/>
						<line number="1079" hits="1"/>
						<line number="1082" hits="1"/>
						<line number="1085" hits="1"/>
						<line number="1090" hits="1"/>
						<line number="1091" hits="1" branch="true" condition-coverage="100% (2/2)"/>
						<line number="1092" hits="1"/>
						<line number="1094" hits="1"/>
						<line number="1095" hits="1"/>
						<line number="1096" hits="1"/>
						<line number="1099" hits="1"/>
						<line number="1100" hits="1"/>
						<line number="1108" hits="1"/>
						<line number="1109" hits="1" branch="true" condition-coverage="100% (2/2)"/>
						<line number="1110" hits="1"/>
						<line number="1112" hits="1"/>
						<line number="1113" hits="1"/>
						<line number="1114" hits="1"/>
						<line number="1115" hits="1"/>
						<line number="1116" hits="1"/>
						<line number="1117" hits="1"/>
						<line number="1120" hits="1"/>
						<line number="1121" hits="1"/>
						<line number="1122" hits="1" branch="true" condition-coverage="100% (2/2)"/>
						<line number="1123" hits="1"/>
						<line number="1126" hits="1"/>
						<line number="1127" hits="1"/>
						<line number="1135" hits="1"/>
						<line number="1145" hits="1"/>
						<line number="1146" hits="1"/>
						<line number="1147" hits="1"/>
						<line number="1153" hits="1"/>
						<line number="1156" hits="1"/>
						<line number="1157" hits="1"/>
						<line number="1164" hits="1"/>
						<line number="1165" hits="1"/>
						<line number="1167" hits="1"/>
						<line number="1168" hits="1"/>
						<line number="1169" hits="1"/>
						<line number="1170" hits="1"/>
						<line number="1174" hits="1"/>
						<line number="1175" hits="1" branch="true" condition-coverage="100% (2/2)"/>
						<line number="1176" hits="1" branch="true" condition-coverage="100% (2/2)"/>
						<line number="1177" hits="1"/>
						<line number="1179" hits="1"/>
						<line number="1180" hits="1" branch="true" condition-coverage="50% (1/2)" missing-branches="1190"/>
						<line number="1181" hits="1"/>
						<line number="1188" hits="1"/>
						<line number="1190" hits="1"/>
						<line number="1191" hits="1"/>
						<line number="1192" hits="1"/>
						<line number="1193" hits="1"/>
						<line number="1194" hits="1"/>
						<line number="1196" hits="1" branch="true" condition-coverage="50% (1/2)" missing-branches="1200"/>
						<line number="1197" hits="1" branch="true" condition-coverage="100% (2/2)"/>
						<line number="1198" hits="1"/>
						<line number="1200" hits="1"/>
						<line number="1210" hits="1"/>
						<line number="1213" hits="1"/>
						<line number="1221" hits="1"/>
						<line number="1226" hits="1"/>
						<line number="1229" hits="1"/>
						<line number="1230" hits="1"/>
						<line number="1232" hits="1"/>
						<line number="1233" hits="1"/>
						<line number="1234" hits="1"/>
						<line number="1235" hits="1"/>
						<line number="1239" hits="1"/>
						<line number="1240" hits="1" branch="true" condition-coverage="100% (2/2)"/>
						<line number="1241" hits="1" branch="true" condition-coverage="100% (2/2)"/>
						<line number="1242" hits="1"/>
						<line number="1244" hits="1"/>
						<line number="1251" hits="1"/>
						<line number="1252" hits="1"/>
						<line number="1253" hits="1"/>
						<line number="1254" hits="1"/>
						<line number="1255" hits="1"/>
						<line number="1256" hits="1"/>
						<line number="1257" hits="1"/>
						<line number="1267" hits="1"/>
						<line number="1270" hits="1"/>
						<line number="1273" hits="1"/>
						<line number="1274" hits="1"/>
						<line number="1275" hits="1"/>
						<line number="1276" hits="1"/>
						<line number="1277" hits="1"/>
						<line number="1279" hits="1" branch="true" condition-coverage="50% (1/2)" missing-branches="1280"/>
						<line number="1280" hits="0"/>
						<line number="1281" hits="1" branch="true" condition-coverage="50% (1/2)" missing-branches="1283"/>
						<line number="1282" hits="1"/>
						<line number="1283" hits="0" branch="true" condition-coverage="0% (0/2)" missing-branches="1284,1286"/>
						<line number="1284" hits="0"/>
						<line number="1286" hits="0"/>
						<line number="1288" hits="1"/>
						<line number="1291" hits="1"/>
						<line number="1300" hits="1"/>
						<line number="1301" hits="1"/>
						<line number="1302" hits="1"/>
						<line number="1303" hits="1"/>
						<line number="1305" hits="1"/>
						<line number="1306" hits="1" branch="true" condition-coverage="100% (2/2)"/>
						<line number="1307" hits="1"/>
						<line number="1308" hits="1"/>
						<line number="1315" hits="1"/>
						<line number="1316" hits="1" branch="true" condition-coverage="100% (2/2)"/>
						<line number="1317" hits="1"/>
						<line number="1318" hits="1"/>
						<line number="1326" hits="1"/>
						<line number="1333" hits="1"/>
						<line number="1334" hits="1" branch="true" condition-coverage="100% (2/2)"/>
						<line number="1335" hits="1"/>
						<line number="1336" hits="1"/>
						<line number="1338" hits="1"/>
						<line number="1339" hits="1" branch="true" condition-coverage="100% (2/2)"/>
						<line number="1340" hits="1"/>
						<line number="1341" hits="1"/>
						<line number="1342" hits="1" branch="true" condition-coverage="100% (2/2)"/>
						<line number="1343" hits="1"/>
						<line number="1344" hits="1"/>
						<line number="1347" hits="1"/>
						<line number="1352" hits="1"/>
						<line number="1353" hits="1"/>
						<line number="1354" hits="1"/>
						<line number="1355" hits="1" branch="true" condition-coverage="50% (1/2)" missing-branches="1356"/>
						<line number="1356" hits="0"/>
						<line number="1357" hits="1"/>
						<line number="1360" hits="1"/>
						<line number="1361" hits="1"/>
						<line number="1362" hits="1"/>
						<line number="1365" hits="1"/>
						<line number="1366" hits="1"/>
						<line number="1369" hits="1"/>
						<line number="1370" hits="1"/>
						<line number="1371" hits="1"/>
						<line number="1372" hits="1"/>
						<line number="1373" hits="1"/>
						<line number="1376" hits="1"/>
						<line number="1377" hits="1"/>
						<line number="1393" hits="1"/>
						<line number="1399" hits="1"/>
						<line number="1410" hits="1"/>
						<line number="1411" hits="1"/>
						<line number="1412" hits="1" branch="true" condition-coverage="50% (1/2)" missing-branches="1413"/>
						<line number="1413" hits="0"/>
						<line number="1414" hits="1"/>
						<line number="1415" hits="1"/>
						<line number="1416" hits="1"/>
						<line number="1418" hits="1"/>
						<line number="1419" hits="1" branch="true" condition-coverage="50% (1/2)" missing-branches="1420"/>
						<line number="1420" hits="0"/>
						<line number="1421" hits="0"/>
						<line number="1424" hits="1"/>
						<line number="1427" hits="1"/>
						<line number="1428" hits="1"/>
						<line number="1432" hits="1"/>
						<line number="1433" hits="1"/>
						<line number="1436" hits="1"/>
						<line number="1437" hits="1"/>
						<line number="1440" hits="1"/>
						<line number="1441" hits="1" branch="true" condition-coverage="50% (1/2)" missing-branches="1442"/>
						<line number="1442" hits="0"/>
						<line number="1443" hits="1"/>
						<line number="1446" hits="1"/>
						<line number="1447" hits="1" branch="true" condition-coverage="100% (2/2)"/>
						<line number="1448" hits="1"/>
						<line number="1451" hits="1"/>
						<line number="1452" hits="1" branch="true" condition-coverage="100% (2/2)"/>
						<line number="1457" hits="1"/>
						<line number="1460" hits="1"/>
						<line number="1461" hits="1" branch="true" condition-coverage="100% (2/2)"/>
						<line number="1466" hits="1"/>
						<line number="1469" hits="1"/>
						<line number="1470" hits="1" branch="true" condition-coverage="100% (2/2)"/>
						<line number="1471" hits="1"/>
					</lines>
				</class>
				<class name="report.py" filename="src/validation/report.py" complexity="0" line-rate="0.9562" branch-rate="0.881">
					<methods/>
					<lines>
						<line number="12" hits="1"/>
						<line number="14" hits="1"/>
						<line number="15" hits="1"/>
						<line number="16" hits="1"/>
						<line number="17" hits="1"/>
						<line number="19" hits="1"/>
						<line number="21" hits="1"/>
						<line number="23" hits="1"/>
						<line number="37" hits="1"/>
						<line number="50" hits="1"/>
						<line number="62" hits="1"/>
						<line number="72" hits="1"/>
						<line number="73" hits="1"/>
						<line number="74" hits="1"/>
						<line number="75" hits="1"/>
						<line number="83" hits="1"/>
						<line number="84" hits="1"/>
						<line number="92" hits="1"/>
						<line number="93" hits="1"/>
						<line number="94" hits="1"/>
						<line number="95" hits="1"/>
						<line number="96" hits="1"/>
						<line number="97" hits="1"/>
						<line number="98" hits="1"/>
						<line number="101" hits="1"/>
						<line number="102" hits="1"/>
						<line number="107" hits="1"/>
						<line number="108" hits="1"/>
						<line number="109" hits="1"/>
						<line number="117" hits="1"/>
						<line number="126" hits="1"/>
						<line number="127" hits="1"/>
						<line number="128" hits="1"/>
						<line number="129" hits="1"/>
						<line number="133" hits="1"/>
						<line number="135" hits="1"/>
						<line number="146" hits="1"/>
						<line number="156" hits="1"/>
						<line number="164" hits="1"/>
						<line number="166" hits="1"/>
						<line number="173" hits="1"/>
						<line number="178" hits="1"/>
						<line number="188" hits="1" branch="true" condition-coverage="100% (2/2)"/>
						<line number="189" hits="1"/>
						<line number="191" hits="1"/>
						<line number="194" hits="1"/>
						<line number="202" hits="1"/>
						<line number="203" hits="1"/>
						<line number="204" hits="1"/>
						<line number="205" hits="1"/>
						<line number="213" hits="1"/>
						<line number="217" hits="1"/>
						<line number="219" hits="1"/>
						<line number="232" hits="1"/>
						<line number="235" hits="1"/>
						<line number="236" hits="1" branch="true" condition-coverage="50% (1/2)" missing-branches="237"/>
						<line number="237" hits="0"/>
						<line number="239" hits="1"/>
						<line number="245" hits="1"/>
						<line number="248" hits="1"/>
						<line number="255" hits="1"/>
						<line number="256" hits="1" branch="true" condition-coverage="100% (2/2)"/>
						<line number="257" hits="1"/>
						<line number="259" hits="1"/>
						<line number="262" hits="1"/>
						<line number="267" hits="1" branch="true" condition-coverage="100% (2/2)"/>
						<line number="268" hits="1"/>
						<line number="270" hits="1"/>
						<line number="271" hits="1"/>
						<line number="273" hits="1"/>
						<line number="286" hits="1"/>
						<line number="287" hits="1"/>
						<line number="289" hits="1" branch="true" condition-coverage="100% (2/2)"/>
						<line number="290" hits="1"/>
						<line number="292" hits="1" branch="true" condition-coverage="50% (1/2)" missing-branches="293"/>
						<line number="293" hits="0"/>
						<line number="295" hits="1"/>
						<line number="296" hits="1"/>
						<line number="298" hits="1" branch="true" condition-coverage="100% (2/2)"/>
						<line number="299" hits="1"/>
						<line number="301" hits="1" branch="true" condition-coverage="100% (2/2)"/>
						<line number="302" hits="1"/>
						<line number="304" hits="1"/>
						<line number="307" hits="1"/>
						<line number="311" hits="1"/>
						<line number="312" hits="1"/>
						<line number="314" hits="1" branch="true" condition-coverage="100% (2/2)"/>
						<line number="315" hits="1"/>
						<line number="317" hits="1" branch="true" condition-coverage="100% (2/2)"/>
						<line number="318" hits="1"/>
						<line number="320" hits="1" branch="true" condition-coverage="100% (2/2)"/>
						<line number="321" hits="1"/>
						<line number="323" hits="1" branch="true" condition-coverage="100% (2/2)"/>
						<line number="324" hits="1"/>
						<line number="326" hits="1"/>
						<line number="334" hits="1"/>
						<line number="335" hits="1"/>
						<line number="357" hits="1"/>
						<line number="360" hits="1"/>
						<line number="361" hits="1" branch="true" condition-coverage="100% (2/2)"/>
						<line number="362" hits="1"/>
						<line number="364" hits="1"/>
						<line number="365" hits="1"/>
						<line number="366" hits="1"/>
						<line number="369" hits="1"/>
						<line number="370" hits="1" branch="true" condition-coverage="50% (1/2)" missing-branches="371"/>
						<line number="371" hits="0"/>
						<line number="373" hits="1"/>
						<line number="381" hits="1"/>
						<line number="382" hits="1" branch="true" condition-coverage="50% (1/2)" missing-branches="383"/>
						<line number="383" hits="0"/>
						<line number="385" hits="1"/>
						<line number="388" hits="1"/>
						<line number="389" hits="1"/>
						<line number="392" hits="1"/>
						<line number="397" hits="1" branch="true" condition-coverage="100% (2/2)"/>
						<line number="398" hits="1"/>
						<line number="400" hits="1"/>
						<line number="401" hits="1" branch="true" condition-coverage="50% (1/2)" missing-branches="404"/>
						<line number="402" hits="1"/>
						<line number="404" hits="0"/>
						<line number="405" hits="0"/>
						<line number="420" hits="1"/>
						<line number="421" hits="1" branch="true" condition-coverage="100% (2/2)"/>
						<line number="422" hits="1"/>
						<line number="424" hits="1"/>
						<line number="425" hits="1" branch="true" condition-coverage="100% (2/2)"/>
						<line number="426" hits="1"/>
						<line number="428" hits="1"/>
						<line number="429" hits="1"/>
						<line number="431" hits="1"/>
						<line number="444" hits="1"/>
						<line number="445" hits="1" branch="true" condition-coverage="100% (2/2)"/>
						<line number="446" hits="1"/>
						<line number="448" hits="1" branch="true" condition-coverage="100% (2/2)"/>
						<line number="449" hits="1"/>
						<line number="451" hits="1"/>
					</lines>
				</class>
				<class name="statistics.py" filename="src/validation/statistics.py" complexity="0" line-rate="0.7325" branch-rate="0.4231">
					<methods/>
					<lines>
						<line number="12" hits="1"/>
						<line number="14" hits="1"/>
						<line number="15" hits="1"/>
						<line number="16" hits="1"/>
						<line number="18" hits="1"/>
						<line number="19" hits="1"/>
						<line number="20" hits="1"/>
						<line number="21" hits="1"/>
						<line number="23" hits="1"/>
						<line number="33" hits="1"/>
						<line number="34" hits="1"/>
						<line number="39" hits="1"/>
						<line number="40" hits="1"/>
						<line number="41" hits="1"/>
						<line number="44" hits="1"/>
						<line number="45" hits="1"/>
						<line number="50" hits="1"/>
						<line number="51" hits="1"/>
						<line number="52" hits="1"/>
						<line number="53" hits="1"/>
						<line number="54" hits="1"/>
						<line number="55" hits="1"/>
						<line number="56" hits="1"/>
						<line number="57" hits="1"/>
						<line number="58" hits="1"/>
						<line number="59" hits="1"/>
						<line number="60" hits="1"/>
						<line number="61" hits="1"/>
						<line number="64" hits="1"/>
						<line number="65" hits="1"/>
						<line number="70" hits="1"/>
						<line number="71" hits="1"/>
						<line number="72" hits="1"/>
						<line number="74" hits="1"/>
						<line number="75" hits="1"/>
						<line number="78" hits="1"/>
						<line number="80" hits="1"/>
						<line number="81" hits="1"/>
						<line number="84" hits="1"/>
						<line number="87" hits="1"/>
						<line number="88" hits="1"/>
						<line number="93" hits="1"/>
						<line number="94" hits="1"/>
						<line number="95" hits="1"/>
						<line number="96" hits="1"/>
						<line number="98" hits="1"/>
						<line number="99" hits="1"/>
						<line number="100" hits="1"/>
						<line number="101" hits="1"/>
						<line number="102" hits="1"/>
						<line number="103" hits="1"/>
						<line number="110" hits="1"/>
						<line number="117" hits="1"/>
						<line number="122" hits="1"/>
						<line number="124" hits="1"/>
						<line number="127" hits="1"/>
						<line number="134" hits="1"/>
						<line number="136" hits="1"/>
						<line number="143" hits="1"/>
						<line number="151" hits="1" branch="true" condition-coverage="50% (1/2)" missing-branches="152"/>
						<line number="152" hits="0"/>
						<line number="154" hits="1"/>
						<line number="156" hits="1" branch="true" condition-coverage="50% (1/2)" missing-branches="157"/>
						<line number="157" hits="0"/>
						<line number="159" hits="1"/>
						<line number="162" hits="1"/>
						<line number="169" hits="0"/>
						<line number="172" hits="1"/>
						<line number="179" hits="1"/>
						<line number="181" hits="1"/>
						<line number="184" hits="1"/>
						<line number="192" hits="1" branch="true" condition-coverage="50% (1/2)" missing-branches="193"/>
						<line number="193" hits="0"/>
						<line number="195" hits="1"/>
						<line number="198" hits="1"/>
						<line number="207" hits="0"/>
						<line number="221" hits="1"/>
						<line number="229" hits="0"/>
						<line number="230" hits="0"/>
						<line number="232" hits="0" branch="true" condition-coverage="0% (0/2)" missing-branches="233,239"/>
						<line number="233" hits="0"/>
						<line number="239" hits="0"/>
						<line number="241" hits="0" branch="true" condition-coverage="0% (0/2)" missing-branches="242,248"/>
						<line number="242" hits="0"/>
						<line number="248" hits="0"/>
						<line number="249" hits="0"/>
						<line number="253" hits="0"/>
						<line number="255" hits="0"/>
						<line number="262" hits="1"/>
						<line number="271" hits="0" branch="true" condition-coverage="0% (0/2)" missing-branches="272,278"/>
						<line number="272" hits="0"/>
						<line number="278" hits="0"/>
						<line number="279" hits="0"/>
						<line number="280" hits="0"/>
						<line number="281" hits="0"/>
						<line number="282" hits="0"/>
						<line number="287" hits="0"/>
						<line number="294" hits="1"/>
						<line number="305" hits="1" branch="true" condition-coverage="50% (1/2)" missing-branches="306"/>
						<line number="306" hits="0"/>
						<line number="312" hits="1"/>
						<line number="313" hits="1"/>
						<line number="314" hits="1"/>
						<line number="315" hits="1"/>
						<line number="319" hits="1"/>
						<line number="321" hits="1"/>
						<line number="332" hits="1"/>
						<line number="340" hits="1"/>
						<line number="341" hits="1"/>
						<line number="343" hits="1"/>
						<line number="344" hits="1"/>
						<line number="346" hits="1" branch="true" condition-coverage="50% (1/2)" missing-branches="347"/>
						<line number="347" hits="0"/>
						<line number="349" hits="1"/>
						<line number="354" hits="1" branch="true" condition-coverage="50% (1/2)" missing-branches="355"/>
						<line number="355" hits="0"/>
						<line number="357" hits="1"/>
						<line number="360" hits="1"/>
						<line number="368" hits="0"/>
						<line number="378" hits="1"/>
						<line number="387" hits="1"/>
						<line number="388" hits="1"/>
						<line number="390" hits="1" branch="true" condition-coverage="50% (1/2)" missing-branches="391"/>
						<line number="391" hits="0"/>
						<line number="396" hits="1"/>
						<line number="402" hits="1"/>
						<line number="404" hits="1"/>
						<line number="417" hits="1"/>
						<line number="426" hits="1"/>
						<line number="427" hits="1"/>
						<line number="429" hits="1" branch="true" condition-coverage="50% (1/2)" missing-branches="430"/>
						<line number="430" hits="0"/>
						<line number="435" hits="1"/>
						<line number="441" hits="1"/>
						<line number="443" hits="1"/>
						<line number="445" hits="1"/>
						<line number="458" hits="1"/>
						<line number="468" hits="1"/>
						<line number="469" hits="1"/>
						<line number="471" hits="1" branch="true" condition-coverage="50% (1/2)" missing-branches="472"/>
						<line number="472" hits="0"/>
						<line number="477" hits="1"/>
						<line number="483" hits="1"/>
						<line number="485" hits="1"/>
						<line number="486" hits="1"/>
						<line number="491" hits="1"/>
						<line number="492" hits="1"/>
						<line number="497" hits="1" branch="true" condition-coverage="50% (1/2)" missing-branches="498"/>
						<line number="498" hits="0"/>
						<line number="504" hits="1"/>
						<line number="505" hits="1"/>
						<line number="509" hits="1"/>
						<line number="510" hits="1"/>
						<line number="516" hits="1"/>
						<line number="533" hits="1"/>
						<line number="542" hits="0"/>
						<line number="560" hits="0"/>
						<line number="567" hits="1"/>
						<line number="574" hits="1"/>
						<line number="579" hits="1" branch="true" condition-coverage="50% (1/2)" missing-branches="580"/>
						<line number="580" hits="0"/>
						<line number="582" hits="1"/>
						<line number="583" hits="1"/>
						<line number="585" hits="1" branch="true" condition-coverage="50% (1/2)" missing-branches="586"/>
						<line number="586" hits="0"/>
						<line number="588" hits="1"/>
						<line number="590" hits="1"/>
						<line number="593" hits="1"/>
						<line number="601" hits="1"/>
						<line number="606" hits="1" branch="true" condition-coverage="50% (1/2)" missing-branches="607"/>
						<line number="607" hits="0"/>
						<line number="612" hits="1" branch="true" condition-coverage="50% (1/2)" missing-branches="613"/>
						<line number="613" hits="0"/>
						<line number="619" hits="1"/>
						<line number="623" hits="1"/>
						<line number="625" hits="1"/>
						<line number="638" hits="1"/>
						<line number="646" hits="1"/>
						<line number="651" hits="1" branch="true" condition-coverage="50% (1/2)" missing-branches="652"/>
						<line number="652" hits="0"/>
						<line number="658" hits="1"/>
						<line number="663" hits="1"/>
						<line number="676" hits="1"/>
						<line number="684" hits="1"/>
						<line number="685" hits="1"/>
						<line number="687" hits="1" branch="true" condition-coverage="50% (1/2)" missing-branches="688"/>
						<line number="688" hits="0"/>
						<line number="690" hits="1" branch="true" condition-coverage="50% (1/2)" missing-branches="691"/>
						<line number="691" hits="0"/>
						<line number="693" hits="1"/>
						<line number="694" hits="1"/>
						<line number="696" hits="1"/>
						<line number="702" hits="1"/>
						<line number="705" hits="1"/>
						<line number="714" hits="0"/>
						<line number="715" hits="0"/>
						<line number="717" hits="0" branch="true" condition-coverage="0% (0/2)" missing-branches="718,726"/>
						<line number="718" hits="0"/>
						<line number="726" hits="0"/>
						<line number="731" hits="0"/>
						<line number="736" hits="0"/>
						<line number="741" hits="0"/>
						<line number="754" hits="0"/>
						<line number="764" hits="1"/>
						<line number="772" hits="1"/>
						<line number="775" hits="1"/>
						<line number="785" hits="1" branch="true" condition-coverage="50% (1/2)" missing-branches="789"/>
						<line number="789" hits="0"/>
						<line number="791" hits="1"/>
						<line number="795" hits="1"/>
						<line number="800" hits="1" branch="true" condition-coverage="50% (1/2)" missing-branches="801"/>
						<line number="801" hits="0"/>
						<line number="803" hits="1"/>
						<line number="809" hits="1"/>
						<line number="820" hits="1" branch="true" condition-coverage="50% (1/2)" missing-branches="824"/>
						<line number="824" hits="0"/>
						<line number="826" hits="1"/>
						<line number="827" hits="1"/>
						<line number="828" hits="1"/>
						<line number="829" hits="1"/>
						<line number="831" hits="1" branch="true" condition-coverage="50% (1/2)" missing-branches="832"/>
						<line number="832" hits="0"/>
						<line number="833" hits="0"/>
						<line number="834" hits="0"/>
						<line number="835" hits="0"/>
						<line number="837" hits="1"/>
						<line number="843" hits="1"/>
						<line number="855" hits="1" branch="true" condition-coverage="50% (1/2)" missing-branches="856"/>
						<line number="856" hits="0"/>
						<line number="858" hits="1"/>
						<line number="859" hits="1"/>
						<line number="860" hits="1"/>
						<line number="861" hits="1"/>
						<line number="863" hits="1" branch="true" condition-coverage="50% (1/2)" missing-branches="864"/>
						<line number="864" hits="0"/>
						<line number="865" hits="0"/>
						<line number="866" hits="0"/>
						<line number="867" hits="0"/>
						<line number="869" hits="1"/>
						<line number="874" hits="1" branch="true" condition-coverage="50% (1/2)" missing-branches="875"/>
						<line number="875" hits="0"/>
						<line number="877" hits="1"/>
						<line number="883" hits="1"/>
						<line number="885" hits="1"/>
						<line number="892" hits="1"/>
						<line number="904" hits="1"/>
						<line number="905" hits="1"/>
						<line number="906" hits="1"/>
						<line number="907" hits="1"/>
						<line number="909" hits="1" branch="true" condition-coverage="50% (1/2)" missing-branches="910"/>
						<line number="910" hits="0"/>
						<line number="912" hits="1" branch="true" condition-coverage="50% (1/2)" missing-branches="913"/>
						<line number="913" hits="0"/>
						<line number="914" hits="0"/>
						<line number="915" hits="0"/>
						<line number="916" hits="0"/>
						<line number="918" hits="1"/>
						<line number="923" hits="1" branch="true" condition-coverage="50% (1/2)" missing-branches="924"/>
						<line number="924" hits="0"/>
						<line number="926" hits="1"/>
						<line number="932" hits="1"/>
						<line number="934" hits="1"/>
						<line number="941" hits="1"/>
						<line number="952" hits="1" branch="true" condition-coverage="50% (1/2)" missing-branches="956"/>
						<line number="956" hits="0"/>
						<line number="969" hits="1"/>
						<line number="973" hits="1"/>
						<line number="978" hits="1"/>
						<line number="979" hits="1"/>
						<line number="981" hits="1" branch="true" condition-coverage="50% (1/2)" missing-branches="988"/>
						<line number="982" hits="1"/>
						<line number="983" hits="1"/>
						<line number="988" hits="1"/>
						<line number="1024" hits="1"/>
						<line number="1036" hits="1" branch="true" condition-coverage="50% (1/2)" missing-branches="1040"/>
						<line number="1040" hits="0"/>
						<line number="1046" hits="1" branch="true" condition-coverage="50% (1/2)" missing-branches="1047"/>
						<line number="1047" hits="0"/>
						<line number="1052" hits="1"/>
						<line number="1053" hits="1"/>
						<line number="1059" hits="1" branch="true" condition-coverage="50% (1/2)" missing-branches="1060"/>
						<line number="1060" hits="0"/>
						<line number="1066" hits="1"/>
						<line number="1067" hits="1"/>
						<line number="1068" hits="1"/>
						<line number="1069" hits="1"/>
						<line number="1071" hits="1"/>
						<line number="1091" hits="1"/>
						<line number="1102" hits="0"/>
						<line number="1113" hits="0"/>
						<line number="1131" hits="0"/>
						<line number="1138" hits="1"/>
						<line number="1146" hits="1"/>
						<line number="1151" hits="1"/>
						<line number="1154" hits="1"/>
						<line number="1155" hits="1"/>
						<line number="1156" hits="1"/>
						<line number="1158" hits="1"/>
						<line number="1159" hits="1"/>
						<line number="1164" hits="1"/>
						<line number="1166" hits="1" branch="true" condition-coverage="50% (1/2)" missing-branches="1167"/>
						<line number="1167" hits="0"/>
						<line number="1173" hits="1"/>
						<line number="1174" hits="1"/>
						<line number="1180" hits="1"/>
						<line number="1181" hits="1"/>
						<line number="1182" hits="1"/>
						<line number="1183" hits="1"/>
						<line number="1185" hits="1"/>
						<line number="1186" hits="1"/>
						<line number="1187" hits="1"/>
						<line number="1189" hits="1"/>
						<line number="1200" hits="1"/>
						<line number="1207" hits="0" branch="true" condition-coverage="0% (0/2)" missing-branches="1208,1214"/>
						<line number="1208" hits="0"/>
						<line number="1214" hits="0"/>
						<line number="1221" hits="1"/>
						<line number="1228" hits="0"/>
						<line number="1230" hits="0" branch="true" condition-coverage="0% (0/2)" missing-branches="1231,1239"/>
						<line number="1231" hits="0"/>
						<line number="1232" hits="0"/>
						<line number="1236" hits="0"/>
						<line number="1237" hits="0"/>
						<line number="1239" hits="0"/>
						<line number="1259" hits="1"/>
						<line number="1273" hits="1"/>
						<line number="1282" hits="1"/>
						<line number="1289" hits="0"/>
						<line number="1315" hits="1"/>
					</lines>
				</class>
				<class name="utils.py" filename="src/validation/utils.py" complexity="0" line-rate="1" branch-rate="1">
					<methods/>
					<lines>
						<line number="11" hits="1"/>
						<line number="13" hits="1"/>
						<line number="15" hits="1"/>
[...]
						<line number="590" hits="1"/>
						<line number="595" hits="1" branch="true" condition-coverage="50% (1/2)" missing-branches="605"/>
						<line number="605" hits="0"/>
						<line number="606" hits="1"/>
						<line number="609" hits="1"/>
						<line number="610" hits="1"/>
						<line number="613" hits="1"/>
						<line number="614" hits="1"/>
						<line number="615" hits="1"/>
						<line number="616" hits="1"/>
						<line number="617" hits="1"/>
						<line number="618" hits="1"/>
						<line number="619" hits="1"/>
						<line number="620" hits="1"/>
						<line number="621" hits="1"/>
						<line number="622" hits="1"/>
						<line number="623" hits="1"/>
						<line number="625" hits="1"/>
						<line number="626" hits="1"/>
						<line number="629" hits="1"/>
						<line number="630" hits="1"/>
						<line number="633" hits="1"/>
						<line number="634" hits="1"/>
						<line number="635" hits="1"/>
						<line number="638" hits="1"/>
						<line number="641" hits="1"/>
						<line number="644" hits="1" branch="true" condition-coverage="100% (2/2)"/>
						<line number="651" hits="1"/>
						<line number="652" hits="1"/>
						<line number="654" hits="1"/>
						<line number="655" hits="1"/>
						<line number="656" hits="1" branch="true" condition-coverage="50% (1/2)" missing-branches="657"/>
						<line number="657" hits="0"/>
						<line number="658" hits="1"/>
						<line number="659" hits="1" branch="true" condition-coverage="50% (1/2)" missing-branches="660"/>
						<line number="660" hits="0"/>
						<line number="663" hits="1"/>
						<line number="666" hits="1"/>
						<line number="667" hits="1" branch="true" condition-coverage="50% (1/2)" missing-branches="668"/>
						<line number="668" hits="0"/>
						<line number="673" hits="1" branch="true" condition-coverage="100% (2/2)"/>
						<line number="674" hits="1"/>
						<line number="679" hits="1" branch="true" condition-coverage="50% (1/2)" missing-branches="680"/>
						<line number="680" hits="0"/>
						<line number="681" hits="1"/>
						<line number="682" hits="1" branch="true" condition-coverage="50% (1/2)" missing-branches="683"/>
						<line number="683" hits="0"/>
						<line number="685" hits="1"/>
						<line number="686" hits="1"/>
						<line number="687" hits="1" branch="true" condition-coverage="100% (2/2)"/>
						<line number="688" hits="1"/>
						<line number="689" hits="1"/>
						<line number="692" hits="1" branch="true" condition-coverage="50% (1/2)" missing-branches="693"/>
						<line number="693" hits="0"/>
						<line number="698" hits="1"/>
						<line number="699" hits="1" branch="true" condition-coverage="100% (2/2)"/>
						<line number="700" hits="1" branch="true" condition-coverage="50% (1/2)" missing-branches="701"/>
						<line number="701" hits="0"/>
						<line number="705" hits="1"/>
						<line number="708" hits="1"/>
						<line number="709" hits="1"/>
						<line number="710" hits="1"/>
						<line number="711" hits="1"/>
						<line number="714" hits="1"/>
						<line number="717" hits="1"/>
						<line number="733" hits="1"/>
						<line number="738" hits="1"/>
						<line number="741" hits="1"/>
						<line number="744" hits="1"/>
						<line number="747" hits="1"/>
						<line number="754" hits="1"/>
						<line number="757" hits="1"/>
						<line number="758" hits="1"/>
						<line number="759" hits="1"/>
						<line number="760" hits="1"/>
						<line number="761" hits="1"/>
						<line number="764" hits="1"/>
						<line number="765" hits="1" branch="true" condition-coverage="50% (1/2)" missing-branches="766"/>
						<line number="766" hits="0"/>
						<line number="768" hits="1"/>
						<line number="771" hits="1" branch="true" condition-coverage="50% (1/2)" missing-branches="772"/>
						<line number="772" hits="0"/>
						<line number="774" hits="1"/>
						<line number="775" hits="1"/>
						<line number="776" hits="1" branch="true" condition-coverage="100% (2/2)"/>
						<line number="777" hits="1"/>
						<line number="780" hits="1"/>
						<line number="783" hits="1"/>
						<line number="801" hits="1"/>
						<line number="802" hits="1"/>
						<line number="803" hits="1"/>
						<line number="804" hits="1"/>
						<line number="805" hits="1"/>
						<line number="807" hits="1" branch="true" condition-coverage="100% (2/2)"/>
						<line number="808" hits="1" branch="true" condition-coverage="100% (2/2)"/>
						<line number="809" hits="1"/>
						<line number="817" hits="1"/>
						<line number="818" hits="1" branch="true" condition-coverage="50% (1/2)" missing-branches="819"/>
						<line number="819" hits="0"/>
						<line number="824" hits="1" branch="true" condition-coverage="100% (2/2)"/>
						<line number="825" hits="1"/>
						<line number="826" hits="1" branch="true" condition-coverage="50% (1/2)" missing-branches="827"/>
						<line number="827" hits="0"/>
						<line number="838" hits="1"/>
						<line number="839" hits="1"/>
						<line number="842" hits="1"/>
						<line number="856" hits="1"/>
						<line number="861" hits="1"/>
						<line number="862" hits="1" branch="true" condition-coverage="100% (2/2)"/>
						<line number="863" hits="1"/>
						<line number="864" hits="1"/>
						<line number="869" hits="1"/>
						<line number="872" hits="0"/>
						<line number="873" hits="0"/>
						<line number="874" hits="0"/>
						<line number="875" hits="0"/>
						<line number="883" hits="1" branch="true" condition-coverage="100% (2/2)"/>
						<line number="884" hits="1"/>
						<line number="885" hits="1" branch="true" condition-coverage="50% (1/2)" missing-branches="886"/>
						<line number="886" hits="0"/>
						<line number="890" hits="1"/>
						<line number="892" hits="1"/>
						<line number="893" hits="1"/>
						<line number="894" hits="1"/>
						<line number="895" hits="1"/>
						<line number="896" hits="1" branch="true" condition-coverage="100% (2/2)"/>
						<line number="897" hits="1" branch="true" condition-coverage="50% (1/2)" missing-branches="898"/>
						<line number="898" hits="0"/>
						<line number="906" hits="1"/>
						<line number="908" hits="1"/>
						<line number="918" hits="1"/>
						<line number="921" hits="1"/>
						<line number="927" hits="1" branch="true" condition-coverage="50% (1/2)" missing-branches="928"/>
						<line number="928" hits="0"/>
						<line number="939" hits="0"/>
						<line number="948" hits="1"/>
						<line number="949" hits="1"/>
						<line number="950" hits="1"/>
						<line number="951" hits="1"/>
						<line number="955" hits="1"/>
						<line number="959" hits="1"/>
						<line number="970" hits="1"/>
						<line number="971" hits="1"/>
						<line number="972" hits="1"/>
						<line number="973" hits="1"/>
						<line number="974" hits="1"/>
						<line number="975" hits="1" branch="true" condition-coverage="50% (1/2)" missing-branches="976"/>
						<line number="976" hits="0"/>
						<line number="986" hits="1"/>
						<line number="996" hits="1"/>
						<line number="1024" hits="1" branch="true" condition-coverage="100% (2/2)"/>
						<line number="1025" hits="1"/>
						<line number="1034" hits="1"/>
						<line number="1041" hits="1"/>
						<line number="1042" hits="1"/>
						<line number="1073" hits="1"/>
						<line number="1074" hits="1"/>
						<line number="1077" hits="1"/>
						<line number="1098" hits="1"/>
						<line number="1099" hits="1"/>
						<line number="1106" hits="0"/>
						<line number="1129" hits="1"/>
						<line number="1138" hits="0"/>
						<line number="1150" hits="1"/>
						<line number="1155" hits="1"/>
						<line number="1156" hits="1"/>
						<line number="1157" hits="1"/>
						<line number="1158" hits="1"/>
						<line number="1159" hits="1"/>
						<line number="1160" hits="1" branch="true" condition-coverage="50% (1/2)" missing-branches="1161"/>
						<line number="1161" hits="0"/>
						<line number="1165" hits="1" branch="true" condition-coverage="50% (1/2)" missing-branches="1166"/>
						<line number="1166" hits="0"/>
						<line number="1170" hits="1" branch="true" condition-coverage="100% (2/2)"/>
						<line number="1171" hits="1"/>
						<line number="1172" hits="1"/>
						<line number="1173" hits="1" branch="true" condition-coverage="50% (1/2)" missing-branches="1174"/>
						<line number="1174" hits="0"/>
						<line number="1184" hits="1"/>
						<line number="1191" hits="1"/>
						<line number="1197" hits="1" branch="true" condition-coverage="100% (2/2)"/>
						<line number="1198" hits="1" branch="true" condition-coverage="100% (2/2)"/>
						<line number="1199" hits="1"/>
						<line number="1203" hits="1" branch="true" condition-coverage="50% (1/2)" missing-branches="1204"/>
						<line number="1204" hits="0"/>
						<line number="1213" hits="1" branch="true" condition-coverage="100% (2/2)"/>
						<line number="1214" hits="1"/>
						<line number="1225" hits="1" branch="true" condition-coverage="50% (1/2)" missing-branches="1226"/>
						<line number="1226" hits="0" branch="true" condition-coverage="0% (0/2)" missing-branches="1225,1227"/>
						<line number="1227" hits="0"/>
						<line number="1233" hits="1"/>
						<line number="1239" hits="1"/>
						<line number="1240" hits="1"/>
						<line number="1241" hits="1"/>
						<line number="1245" hits="1" branch="true" condition-coverage="100% (2/2)"/>
						<line number="1246" hits="1"/>
						<line number="1247" hits="1" branch="true" condition-coverage="100% (2/2)"/>
						<line number="1248" hits="1"/>
						<line number="1250" hits="1"/>
						<line number="1251" hits="1"/>
						<line number="1252" hits="1" branch="true" condition-coverage="100% (2/2)"/>
						<line number="1253" hits="1"/>
						<line number="1256" hits="1"/>
						<line number="1261" hits="1"/>
						<line number="1262" hits="1" branch="true" condition-coverage="100% (2/2)"/>
						<line number="1263" hits="1"/>
						<line number="1265" hits="1"/>
						<line number="1269" hits="1"/>
						<line number="1270" hits="1"/>
						<line number="1271" hits="1"/>
						<line number="1286" hits="1"/>
						<line number="1289" hits="1"/>
						<line number="1294" hits="1" branch="true" condition-coverage="50% (1/2)" missing-branches="1295"/>
						<line number="1295" hits="0"/>
						<line number="1296" hits="1"/>
						<line number="1297" hits="1" branch="true" condition-coverage="100% (2/2)"/>
						<line number="1298" hits="1"/>
						<line number="1302" hits="1" branch="true" condition-coverage="50% (1/2)" missing-branches="1303"/>
						<line number="1303" hits="0"/>
						<line number="1307" hits="1"/>
						<line number="1308" hits="1" branch="true" condition-coverage="100% (2/2)"/>
						<line number="1309" hits="1"/>
						<line number="1313" hits="1" branch="true" condition-coverage="100% (2/2)"/>
						<line number="1314" hits="1"/>
						<line number="1318" hits="1"/>
						<line number="1324" hits="1"/>
						<line number="1325" hits="1"/>
						<line number="1326" hits="1" branch="true" condition-coverage="100% (2/2)"/>
						<line number="1327" hits="1"/>
						<line number="1328" hits="1" branch="true" condition-coverage="50% (1/2)" missing-branches="1329"/>
						<line number="1329" hits="0"/>
						<line number="1332" hits="1"/>
						<line number="1338" hits="1" branch="true" condition-coverage="50% (1/2)" missing-branches="1339"/>
						<line number="1339" hits="0"/>
						<line number="1345" hits="1"/>
						<line number="1346" hits="1"/>
						<line number="1347" hits="1"/>
						<line number="1349" hits="1"/>
						<line number="1350" hits="1" branch="true" condition-coverage="50% (1/2)" missing-branches="1351"/>
						<line number="1351" hits="0"/>
						<line number="1352" hits="1" branch="true" condition-coverage="50% (1/2)" missing-branches="1353"/>
						<line number="1353" hits="0"/>
						<line number="1354" hits="1"/>
						<line number="1355" hits="1" branch="true" condition-coverage="50% (1/2)" missing-branches="1356"/>
						<line number="1356" hits="0"/>
						<line number="1357" hits="1"/>
						<line number="1358" hits="1"/>
						<line number="1360" hits="1" branch="true" condition-coverage="100% (2/2)"/>
						<line number="1361" hits="1"/>
						<line number="1364" hits="1"/>
						<line number="1367" hits="1"/>
						<line number="1368" hits="1"/>
						<line number="1369" hits="1"/>
						<line number="1370" hits="1" branch="true" condition-coverage="100% (2/2)"/>
						<line number="1371" hits="1"/>
						<line number="1381" hits="1" branch="true" condition-coverage="50% (1/2)" missing-branches="1382"/>
						<line number="1382" hits="0"/>
						<line number="1386" hits="1"/>
						<line number="1387" hits="1" branch="true" condition-coverage="100% (2/2)"/>
						<line number="1388" hits="1"/>
						<line number="1389" hits="1"/>
						<line number="1390" hits="1"/>
						<line number="1398" hits="1"/>
						<line number="1399" hits="1" branch="true" condition-coverage="50% (1/2)" missing-branches="1400"/>
						<line number="1400" hits="0"/>
						<line number="1401" hits="1"/>
						<line number="1402" hits="1" branch="true" condition-coverage="50% (1/2)" missing-branches="1403"/>
						<line number="1403" hits="0"/>
						<line number="1404" hits="1"/>
						<line number="1407" hits="1"/>
						<line number="1408" hits="1"/>
						<line number="1409" hits="1" branch="true" condition-coverage="50% (1/2)" missing-branches="1410"/>
						<line number="1410" hits="0"/>
						<line number="1413" hits="1"/>
						<line number="1416" hits="1"/>
						<line number="1417" hits="1"/>
						<line number="1420" hits="1"/>
						<line number="1421" hits="1" branch="true" condition-coverage="50% (1/2)" missing-branches="1422"/>
						<line number="1422" hits="0"/>
						<line number="1423" hits="1"/>
						<line number="1424" hits="1"/>
						<line number="1425" hits="1" branch="true" condition-coverage="100% (2/2)"/>
						<line number="1426" hits="1"/>
						<line number="1427" hits="1" branch="true" condition-coverage="50% (1/2)" missing-branches="1425"/>
						<line number="1428" hits="1"/>
						<line number="1429" hits="1"/>
						<line number="1430" hits="1"/>
						<line number="1433" hits="1"/>
						<line number="1434" hits="1" branch="true" condition-coverage="50% (1/2)" missing-branches="1435"/>
						<line number="1435" hits="0"/>
						<line number="1436" hits="1"/>
						<line number="1437" hits="1"/>
						<line number="1438" hits="1" branch="true" condition-coverage="50% (1/2)" missing-branches="1439"/>
						<line number="1439" hits="0"/>
						<line number="1440" hits="0" branch="true" condition-coverage="0% (0/2)" missing-branches="1438,1441"/>
						<line number="1441" hits="0"/>
						<line number="1442" hits="0"/>
						<line number="1443" hits="1"/>
						<line number="1446" hits="1"/>
						<line number="1447" hits="1" branch="true" condition-coverage="50% (1/2)" missing-branches="1448"/>
						<line number="1448" hits="0"/>
						<line number="1449" hits="1"/>
						<line number="1450" hits="1" branch="true" condition-coverage="100% (2/2)"/>
						<line number="1451" hits="1" branch="true" condition-coverage="50% (1/2)" missing-branches="1452"/>
						<line number="1452" hits="0"/>
						<line number="1456" hits="1"/>
						<line number="1459" hits="1"/>
						<line number="1460" hits="1" branch="true" condition-coverage="50% (1/2)" missing-branches="1461"/>
						<line number="1461" hits="0"/>
						<line number="1462" hits="1"/>
						<line number="1463" hits="1" branch="true" condition-coverage="100% (2/2)"/>
						<line number="1464" hits="1" branch="true" condition-coverage="50% (1/2)" missing-branches="1465"/>
						<line number="1465" hits="0"/>
						<line number="1468" hits="1"/>
						<line number="1469" hits="1"/>
						<line number="1472" hits="1"/>
						<line number="1473" hits="1"/>
						<line number="1474" hits="1" branch="true" condition-coverage="50% (1/2)" missing-branches="1475"/>
						<line number="1475" hits="0"/>
						<line number="1478" hits="1"/>
						<line number="1479" hits="1"/>
						<line number="1480" hits="1" branch="true" condition-coverage="50% (1/2)" missing-branches="1481"/>
						<line number="1481" hits="0"/>
						<line number="1484" hits="1"/>
						<line number="1485" hits="1"/>
						<line number="1486" hits="1" branch="true" condition-coverage="50% (1/2)" missing-branches="1487"/>
						<line number="1487" hits="0"/>
						<line number="1490" hits="1"/>
						<line number="1491" hits="1"/>
						<line number="1492" hits="1" branch="true" condition-coverage="50% (1/2)" missing-branches="1493"/>
						<line number="1493" hits="0"/>
						<line number="1496" hits="1"/>
						<line number="1497" hits="1" branch="true" condition-coverage="50% (1/2)" missing-branches="1498"/>
						<line number="1498" hits="0"/>
						<line number="1499" hits="1" branch="true" condition-coverage="50% (1/2)" missing-branches="1500"/>
						<line number="1500" hits="0"/>
						<line number="1501" hits="1"/>
						<line number="1504" hits="1"/>
						<line number="1505" hits="1" branch="true" condition-coverage="50% (1/2)" missing-branches="1506"/>
						<line number="1506" hits="0"/>
						<line number="1507" hits="1"/>
						<line number="1508" hits="1" branch="true" condition-coverage="100% (2/2)"/>
						<line number="1509" hits="1"/>
						<line number="1510" hits="1"/>
						<line number="1513" hits="1"/>
						<line number="1514" hits="1" branch="true" condition-coverage="50% (1/2)" missing-branches="1515"/>
						<line number="1515" hits="0"/>
						<line number="1521" hits="1" branch="true" condition-coverage="50% (1/2)" missing-branches="1522"/>
						<line number="1522" hits="0"/>
						<line number="1523" hits="1" branch="true" condition-coverage="50% (1/2)" missing-branches="1524"/>
						<line number="1524" hits="0"/>
						<line number="1525" hits="1"/>
						<line number="1528" hits="1"/>
						<line number="1531" hits="0" branch="true" condition-coverage="0% (0/2)" missing-branches="1532,1533"/>
						<line number="1532" hits="0"/>
						<line number="1533" hits="0"/>
						<line number="1534" hits="0" branch="true" condition-coverage="0% (0/2)" missing-branches="1535,1541"/>
						<line number="1535" hits="0"/>
						<line number="1536" hits="0"/>
						<line number="1541" hits="0"/>
						<line number="1544" hits="1"/>
						<line number="1547" hits="0" branch="true" condition-coverage="0% (0/2)" missing-branches="1548,1549"/>
						<line number="1548" hits="0"/>
						<line number="1549" hits="0"/>
						<line number="1550" hits="0" branch="true" condition-coverage="0% (0/2)" missing-branches="1551,1557"/>
						<line number="1551" hits="0"/>
						<line number="1552" hits="0"/>
						<line number="1557" hits="0"/>
						<line number="1560" hits="1"/>
						<line number="1561" hits="1" branch="true" condition-coverage="50% (1/2)" missing-branches="1562"/>
						<line number="1562" hits="0"/>
						<line number="1563" hits="1" branch="true" condition-coverage="50% (1/2)" missing-branches="1564"/>
						<line number="1564" hits="0"/>
						<line number="1565" hits="1"/>
						<line number="1568" hits="1"/>
						<line number="1569" hits="1"/>
						<line number="1570" hits="1" branch="true" condition-coverage="50% (1/2)" missing-branches="1571"/>
						<line number="1571" hits="0"/>
						<line number="1579" hits="1"/>
						<line number="1582" hits="1"/>
						<line number="1583" hits="1"/>
						<line number="1584" hits="1"/>
						<line number="1585" hits="1"/>
						<line number="1588" hits="1"/>
						<line number="1591" hits="1"/>
						<line number="1602" hits="1"/>
						<line number="1605" hits="1"/>
						<line number="1606" hits="1" branch="true" condition-coverage="50% (1/2)" missing-branches="1607"/>
						<line number="1607" hits="0"/>
						<line number="1611" hits="1"/>
					</lines>
				</class>
			</classes>
		</package>
	</packages>
</coverage>
